<?xml version="1.0" encoding="UTF-8"?>
<!-- Generated by org.testng.reporters.JUnitXMLReporter -->
<testsuite ignored="10" hostname="NurulAfsar" failures="0" tests="6" name="OrderBook" time="130.176" errors="0" timestamp="2023-08-22T14:50:49 BDT">
  <testcase classname="tests.HomeTest" name="dashBoardTest" time="10.091"/>
  <testcase classname="tests.LoginTest" name="loginTest" time="13.334"/>
  <testcase classname="tests.AuthorTest" name="bookTest" time="14.704"/>
  <testcase classname="tests.BookTest" name="bookTest" time="38.832"/>
  <testcase classname="tests.CartTest" name="bookTest" time="10.423"/>
  <testcase classname="tests.ShippingTest" name="bookTest" time="37.013"/>
  <testcase classname="drivers.baseDriver" name="@AfterSuite close" time="0.0">
    <ignored/>
  </testcase> <!-- @AfterSuite close -->
  <testcase classname="drivers.baseDriver" name="@BeforeSuite start" time="0.0">
    <ignored/>
  </testcase> <!-- @BeforeSuite start -->
  <testcase classname="drivers.baseDriver" name="@BeforeSuite start" time="0.0">
    <ignored/>
  </testcase> <!-- @BeforeSuite start -->
  <testcase classname="drivers.baseDriver" name="@BeforeSuite start" time="0.0">
    <ignored/>
  </testcase> <!-- @BeforeSuite start -->
  <testcase classname="drivers.baseDriver" name="@BeforeSuite start" time="0.0">
    <ignored/>
  </testcase> <!-- @BeforeSuite start -->
  <testcase classname="drivers.baseDriver" name="@AfterSuite close" time="0.0">
    <ignored/>
  </testcase> <!-- @AfterSuite close -->
  <testcase classname="drivers.baseDriver" name="@AfterSuite close" time="0.0">
    <ignored/>
  </testcase> <!-- @AfterSuite close -->
  <testcase classname="drivers.baseDriver" name="@BeforeSuite start" time="0.0">
    <ignored/>
  </testcase> <!-- @BeforeSuite start -->
  <testcase classname="drivers.baseDriver" name="@AfterSuite close" time="0.0">
    <ignored/>
  </testcase> <!-- @AfterSuite close -->
  <testcase classname="drivers.baseDriver" name="@AfterSuite close" time="0.0">
    <ignored/>
  </testcase> <!-- @AfterSuite close -->
</testsuite> <!-- OrderBook -->
