<?xml version="1.0" encoding="UTF-8"?>
<testng-results ignored="0" total="6" passed="6" failed="0" skipped="0">
  <reporter-output>
  </reporter-output>
  <suite started-at="2023-08-23T21:40:56 BDT" name="Automaiton Rokomari" finished-at="2023-08-23T21:43:53 BDT" duration-ms="176681">
    <groups>
    </groups>
    <test started-at="2023-08-23T21:40:56 BDT" name="OrderBook" finished-at="2023-08-23T21:43:53 BDT" duration-ms="176681">
      <class name="tests.LoginTest">
        <test-method signature="loginTest()[pri:0, instance:tests.LoginTest@7a5ceedd]" started-at="2023-08-23T21:41:51 BDT" name="loginTest" finished-at="2023-08-23T21:42:05 BDT" duration-ms="14085" status="PASS">
          <reporter-output>
          </reporter-output>
        </test-method> <!-- loginTest -->
        <test-method is-config="true" signature="pushReport()[pri:0, instance:tests.LoginTest@7a5ceedd]" started-at="2023-08-23T21:42:05 BDT" name="pushReport" finished-at="2023-08-23T21:42:05 BDT" duration-ms="74" status="PASS">
          <reporter-output>
          </reporter-output>
        </test-method> <!-- pushReport -->
      </class> <!-- tests.LoginTest -->
      <class name="tests.ShippingTest">
        <test-method signature="bookTest()[pri:0, instance:tests.ShippingTest@710636b0]" started-at="2023-08-23T21:43:13 BDT" name="bookTest" finished-at="2023-08-23T21:43:53 BDT" duration-ms="39864" status="PASS">
          <reporter-output>
          </reporter-output>
        </test-method> <!-- bookTest -->
        <test-method is-config="true" signature="pushReport()[pri:0, instance:tests.ShippingTest@710636b0]" started-at="2023-08-23T21:43:53 BDT" name="pushReport" finished-at="2023-08-23T21:43:53 BDT" duration-ms="142" status="PASS">
          <reporter-output>
          </reporter-output>
        </test-method> <!-- pushReport -->
      </class> <!-- tests.ShippingTest -->
      <class name="tests.HomeTest">
        <test-method is-config="true" signature="start()[pri:0, instance:tests.HomeTest@4d1bf319]" started-at="2023-08-23T21:40:55 BDT" name="start" finished-at="2023-08-23T21:40:56 BDT" duration-ms="1847" status="PASS">
          <reporter-output>
          </reporter-output>
        </test-method> <!-- start -->
        <test-method is-config="true" signature="openURL()[pri:0, instance:tests.HomeTest@4d1bf319]" started-at="2023-08-23T21:40:56 BDT" name="openURL" finished-at="2023-08-23T21:41:11 BDT" duration-ms="14642" status="PASS">
          <reporter-output>
          </reporter-output>
        </test-method> <!-- openURL -->
        <test-method signature="dashBoardTest()[pri:0, instance:tests.HomeTest@4d1bf319]" started-at="2023-08-23T21:41:11 BDT" name="dashBoardTest" finished-at="2023-08-23T21:41:50 BDT" duration-ms="39211" status="PASS">
          <reporter-output>
          </reporter-output>
        </test-method> <!-- dashBoardTest -->
        <test-method is-config="true" signature="pushReport()[pri:0, instance:tests.HomeTest@4d1bf319]" started-at="2023-08-23T21:41:50 BDT" name="pushReport" finished-at="2023-08-23T21:41:51 BDT" duration-ms="266" status="PASS">
          <reporter-output>
          </reporter-output>
        </test-method> <!-- pushReport -->
        <test-method is-config="true" signature="close()[pri:0, instance:tests.HomeTest@4d1bf319]" started-at="2023-08-23T21:43:53 BDT" name="close" finished-at="2023-08-23T21:43:53 BDT" duration-ms="195" status="PASS">
          <reporter-output>
          </reporter-output>
        </test-method> <!-- close -->
      </class> <!-- tests.HomeTest -->
      <class name="tests.BookTest">
        <test-method signature="bookTest()[pri:0, instance:tests.BookTest@5b799640]" started-at="2023-08-23T21:42:24 BDT" name="bookTest" finished-at="2023-08-23T21:43:02 BDT" duration-ms="38392" status="PASS">
          <reporter-output>
          </reporter-output>
        </test-method> <!-- bookTest -->
        <test-method is-config="true" signature="pushReport()[pri:0, instance:tests.BookTest@5b799640]" started-at="2023-08-23T21:43:02 BDT" name="pushReport" finished-at="2023-08-23T21:43:02 BDT" duration-ms="119" status="PASS">
          <reporter-output>
          </reporter-output>
        </test-method> <!-- pushReport -->
      </class> <!-- tests.BookTest -->
      <class name="tests.CartTest">
        <test-method signature="bookTest()[pri:0, instance:tests.CartTest@6cb107fd]" started-at="2023-08-23T21:43:02 BDT" name="bookTest" finished-at="2023-08-23T21:43:13 BDT" duration-ms="10865" status="PASS">
          <reporter-output>
          </reporter-output>
        </test-method> <!-- bookTest -->
        <test-method is-config="true" signature="pushReport()[pri:0, instance:tests.CartTest@6cb107fd]" started-at="2023-08-23T21:43:13 BDT" name="pushReport" finished-at="2023-08-23T21:43:13 BDT" duration-ms="115" status="PASS">
          <reporter-output>
          </reporter-output>
        </test-method> <!-- pushReport -->
      </class> <!-- tests.CartTest -->
      <class name="tests.AuthorTest">
        <test-method signature="bookTest()[pri:0, instance:tests.AuthorTest@4201c465]" started-at="2023-08-23T21:42:05 BDT" name="bookTest" finished-at="2023-08-23T21:42:24 BDT" duration-ms="18775" status="PASS">
          <reporter-output>
          </reporter-output>
        </test-method> <!-- bookTest -->
        <test-method is-config="true" signature="pushReport()[pri:0, instance:tests.AuthorTest@4201c465]" started-at="2023-08-23T21:42:24 BDT" name="pushReport" finished-at="2023-08-23T21:42:24 BDT" duration-ms="88" status="PASS">
          <reporter-output>
          </reporter-output>
        </test-method> <!-- pushReport -->
      </class> <!-- tests.AuthorTest -->
    </test> <!-- OrderBook -->
  </suite> <!-- Automaiton Rokomari -->
</testng-results>
