<?xml version="1.0" encoding="UTF-8"?>
<testng-results ignored="0" total="6" passed="6" failed="0" skipped="0">
  <reporter-output>
  </reporter-output>
  <suite started-at="2023-08-22T14:48:39 BDT" name="Automaiton Rokomari" finished-at="2023-08-22T14:50:49 BDT" duration-ms="130176">
    <groups>
    </groups>
    <test started-at="2023-08-22T14:48:39 BDT" name="OrderBook" finished-at="2023-08-22T14:50:49 BDT" duration-ms="130176">
      <class name="tests.LoginTest">
        <test-method signature="loginTest()[pri:0, instance:tests.LoginTest@7a5ceedd]" started-at="2023-08-22T14:48:54 BDT" name="loginTest" finished-at="2023-08-22T14:49:07 BDT" duration-ms="13334" status="PASS">
          <reporter-output>
          </reporter-output>
        </test-method> <!-- loginTest -->
        <test-method is-config="true" signature="pushReport()[pri:0, instance:tests.LoginTest@7a5ceedd]" started-at="2023-08-22T14:49:07 BDT" name="pushReport" finished-at="2023-08-22T14:49:07 BDT" duration-ms="110" status="PASS">
          <reporter-output>
          </reporter-output>
        </test-method> <!-- pushReport -->
      </class> <!-- tests.LoginTest -->
      <class name="tests.ShippingTest">
        <test-method signature="bookTest()[pri:0, instance:tests.ShippingTest@710636b0]" started-at="2023-08-22T14:50:12 BDT" name="bookTest" finished-at="2023-08-22T14:50:49 BDT" duration-ms="37013" status="PASS">
          <reporter-output>
          </reporter-output>
        </test-method> <!-- bookTest -->
        <test-method is-config="true" signature="pushReport()[pri:0, instance:tests.ShippingTest@710636b0]" started-at="2023-08-22T14:50:49 BDT" name="pushReport" finished-at="2023-08-22T14:50:49 BDT" duration-ms="147" status="PASS">
          <reporter-output>
          </reporter-output>
        </test-method> <!-- pushReport -->
      </class> <!-- tests.ShippingTest -->
      <class name="tests.HomeTest">
        <test-method is-config="true" signature="start()[pri:0, instance:tests.HomeTest@4d1bf319]" started-at="2023-08-22T14:48:37 BDT" name="start" finished-at="2023-08-22T14:48:39 BDT" duration-ms="1872" status="PASS">
          <reporter-output>
          </reporter-output>
        </test-method> <!-- start -->
        <test-method is-config="true" signature="openURL()[pri:0, instance:tests.HomeTest@4d1bf319]" started-at="2023-08-22T14:48:39 BDT" name="openURL" finished-at="2023-08-22T14:48:44 BDT" duration-ms="4883" status="PASS">
          <reporter-output>
          </reporter-output>
        </test-method> <!-- openURL -->
        <test-method signature="dashBoardTest()[pri:0, instance:tests.HomeTest@4d1bf319]" started-at="2023-08-22T14:48:44 BDT" name="dashBoardTest" finished-at="2023-08-22T14:48:54 BDT" duration-ms="10091" status="PASS">
          <reporter-output>
          </reporter-output>
        </test-method> <!-- dashBoardTest -->
        <test-method is-config="true" signature="pushReport()[pri:0, instance:tests.HomeTest@4d1bf319]" started-at="2023-08-22T14:48:54 BDT" name="pushReport" finished-at="2023-08-22T14:48:54 BDT" duration-ms="257" status="PASS">
          <reporter-output>
          </reporter-output>
        </test-method> <!-- pushReport -->
        <test-method is-config="true" signature="close()[pri:0, instance:tests.HomeTest@4d1bf319]" started-at="2023-08-22T14:50:49 BDT" name="close" finished-at="2023-08-22T14:50:49 BDT" duration-ms="307" status="PASS">
          <reporter-output>
          </reporter-output>
        </test-method> <!-- close -->
      </class> <!-- tests.HomeTest -->
      <class name="tests.BookTest">
        <test-method signature="bookTest()[pri:0, instance:tests.BookTest@5b799640]" started-at="2023-08-22T14:49:22 BDT" name="bookTest" finished-at="2023-08-22T14:50:01 BDT" duration-ms="38832" status="PASS">
          <reporter-output>
          </reporter-output>
        </test-method> <!-- bookTest -->
        <test-method is-config="true" signature="pushReport()[pri:0, instance:tests.BookTest@5b799640]" started-at="2023-08-22T14:50:01 BDT" name="pushReport" finished-at="2023-08-22T14:50:01 BDT" duration-ms="122" status="PASS">
          <reporter-output>
          </reporter-output>
        </test-method> <!-- pushReport -->
      </class> <!-- tests.BookTest -->
      <class name="tests.CartTest">
        <test-method signature="bookTest()[pri:0, instance:tests.CartTest@6cb107fd]" started-at="2023-08-22T14:50:01 BDT" name="bookTest" finished-at="2023-08-22T14:50:12 BDT" duration-ms="10423" status="PASS">
          <reporter-output>
          </reporter-output>
        </test-method> <!-- bookTest -->
        <test-method is-config="true" signature="pushReport()[pri:0, instance:tests.CartTest@6cb107fd]" started-at="2023-08-22T14:50:12 BDT" name="pushReport" finished-at="2023-08-22T14:50:12 BDT" duration-ms="136" status="PASS">
          <reporter-output>
          </reporter-output>
        </test-method> <!-- pushReport -->
      </class> <!-- tests.CartTest -->
      <class name="tests.AuthorTest">
        <test-method signature="bookTest()[pri:0, instance:tests.AuthorTest@4201c465]" started-at="2023-08-22T14:49:07 BDT" name="bookTest" finished-at="2023-08-22T14:49:22 BDT" duration-ms="14704" status="PASS">
          <reporter-output>
          </reporter-output>
        </test-method> <!-- bookTest -->
        <test-method is-config="true" signature="pushReport()[pri:0, instance:tests.AuthorTest@4201c465]" started-at="2023-08-22T14:49:22 BDT" name="pushReport" finished-at="2023-08-22T14:49:22 BDT" duration-ms="88" status="PASS">
          <reporter-output>
          </reporter-output>
        </test-method> <!-- pushReport -->
      </class> <!-- tests.AuthorTest -->
    </test> <!-- OrderBook -->
  </suite> <!-- Automaiton Rokomari -->
</testng-results>
